14:11:51 **** Incremental Build of configuration Debug for project MiniProject2 ****
make all 
Building file: ../project.c
Invoking: AVR Compiler
avr-gcc -Wall -g2 -gstabs -O0 -fpack-struct -fshort-enums -ffunction-sections -fdata-sections -std=gnu99 -funsigned-char -funsigned-bitfields -mmcu=atmega32 -DF_CPU=16000000UL -MMD -MP -MF"project.d" -MT"project.o" -c -o "project.o" "../project.c"
In file included from ../project.c:2:
c:/winavr-20100110/lib/gcc/../../avr/include/util/delay.h:90:3: warning: #warning "Compiler optimizations disabled; functions from <util/delay.h> won't work as designed"
Finished building: ../project.c
 
Building target: MiniProject2.elf
Invoking: AVR C Linker
avr-gcc -Wl,-Map,MiniProject2.map -mmcu=atmega32 -o "MiniProject2.elf"  ./project.o   
Finished building target: MiniProject2.elf
 
Invoking: AVR Create Extended Listing
avr-objdump -h -S MiniProject2.elf  >"MiniProject2.lss"
Finished building: MiniProject2.lss
 
Invoking: Print Size
avr-size --format=avr --mcu=atmega32 MiniProject2.elf
AVR Memory Usage
----------------
Device: atmega32

Program:    7998 bytes (24.4% Full)
(.text + .data + .bootloader)

Data:         25 bytes (1.2% Full)
(.data + .bss + .noinit)


Finished building: sizedummy
 

14:11:51 Build Finished. 0 errors, 1 warnings. (took 393ms)

